<?xml version="1.0" encoding="UTF-8"?>
<!-- Generated by org.testng.reporters.JUnitXMLReporter -->
<testsuite hostname="skoduru-pro" name="Default test" tests="1" failures="0" timestamp="11 Apr 2020 14:34:20 GMT" time="0.021" errors="0">
  <testcase name="@BeforeClass setUp" time="0.0" classname="com.telstra.android.search.SearchProductTest">
    <failure type="org.testng.TestNGException" message="
Parameter &amp;apos;xmlFile&amp;apos; is required by @Configuration on method setUp but has not been marked @Optional or defined
in /private/var/folders/x7/z6cmhrwd4dvg7w9r3qz2qcnc0000gn/T/testng-eclipse--140045014/testng-customsuite.xml">
      <![CDATA[org.testng.TestNGException: 
Parameter 'xmlFile' is required by @Configuration on method setUp but has not been marked @Optional or defined
in /private/var/folders/x7/z6cmhrwd4dvg7w9r3qz2qcnc0000gn/T/testng-eclipse--140045014/testng-customsuite.xml
	at org.testng.internal.Parameters.createParameters(Parameters.java:154)
	at org.testng.internal.Parameters.createParameters(Parameters.java:361)
	at org.testng.internal.Parameters.createConfigurationParameters(Parameters.java:84)
	at org.testng.internal.Invoker.invokeConfigurations(Invoker.java:201)
	at org.testng.internal.Invoker.invokeConfigurations(Invoker.java:142)
	at org.testng.internal.TestMethodWorker.invokeBeforeClassMethods(TestMethodWorker.java:178)
	at org.testng.internal.TestMethodWorker.run(TestMethodWorker.java:108)
	at org.testng.TestRunner.privateRun(TestRunner.java:782)
	at org.testng.TestRunner.run(TestRunner.java:632)
	at org.testng.SuiteRunner.runTest(SuiteRunner.java:366)
	at org.testng.SuiteRunner.runSequentially(SuiteRunner.java:361)
	at org.testng.SuiteRunner.privateRun(SuiteRunner.java:319)
	at org.testng.SuiteRunner.run(SuiteRunner.java:268)
	at org.testng.SuiteRunnerWorker.runSuite(SuiteRunnerWorker.java:52)
	at org.testng.SuiteRunnerWorker.run(SuiteRunnerWorker.java:86)
	at org.testng.TestNG.runSuitesSequentially(TestNG.java:1244)
	at org.testng.TestNG.runSuitesLocally(TestNG.java:1169)
	at org.testng.TestNG.run(TestNG.java:1064)
	at org.testng.remote.AbstractRemoteTestNG.run(AbstractRemoteTestNG.java:114)
	at org.testng.remote.RemoteTestNG.initAndRun(RemoteTestNG.java:251)
	at org.testng.remote.RemoteTestNG.main(RemoteTestNG.java:77)
]]>
    </failure>
  </testcase> <!-- @BeforeClass setUp -->
  <testcase name="searchProduct" time="0.0" classname="com.telstra.android.search.SearchProductTest">
    <skipped/>
  </testcase> <!-- searchProduct -->
</testsuite> <!-- Default test -->
